[2020-03-30 10:46:31.835] [exthost] [info] extension host started
[2020-03-30 10:46:33.665] [exthost] [info] ExtensionService#_doActivateExtension vscode.grunt {"startup":false,"extensionId":{"value":"vscode.grunt","_lower":"vscode.grunt"},"activationEvent":"onCommand:workbench.action.tasks.runTask"}
[2020-03-30 10:46:33.667] [exthost] [info] ExtensionService#loadCommonJSModule file:///c:/Users/KCDG/.p2/pool/plugins/com.genuitec.eclipse.code.engine.app.win32.x86_64_3.6.0.202002212104/engine/resources/app/extensions/grunt/dist/main
[2020-03-30 10:46:34.234] [exthost] [info] ExtensionService#_doActivateExtension vscode.gulp {"startup":false,"extensionId":{"value":"vscode.gulp","_lower":"vscode.gulp"},"activationEvent":"onCommand:workbench.action.tasks.runTask"}
[2020-03-30 10:46:34.234] [exthost] [info] ExtensionService#loadCommonJSModule file:///c:/Users/KCDG/.p2/pool/plugins/com.genuitec.eclipse.code.engine.app.win32.x86_64_3.6.0.202002212104/engine/resources/app/extensions/gulp/dist/main
[2020-03-30 10:46:34.584] [exthost] [info] ExtensionService#_doActivateExtension vscode.jake {"startup":false,"extensionId":{"value":"vscode.jake","_lower":"vscode.jake"},"activationEvent":"onCommand:workbench.action.tasks.runTask"}
[2020-03-30 10:46:34.584] [exthost] [info] ExtensionService#loadCommonJSModule file:///c:/Users/KCDG/.p2/pool/plugins/com.genuitec.eclipse.code.engine.app.win32.x86_64_3.6.0.202002212104/engine/resources/app/extensions/jake/dist/main
[2020-03-30 10:46:34.752] [exthost] [info] ExtensionService#_doActivateExtension vscode.npm {"startup":false,"extensionId":{"value":"vscode.npm","_lower":"vscode.npm"},"activationEvent":"onCommand:workbench.action.tasks.runTask"}
[2020-03-30 10:46:34.752] [exthost] [info] ExtensionService#loadCommonJSModule file:///c:/Users/KCDG/.p2/pool/plugins/com.genuitec.eclipse.code.engine.app.win32.x86_64_3.6.0.202002212104/engine/resources/app/extensions/npm/dist/main
[2020-03-30 10:46:34.952] [exthost] [info] ExtensionService#_doActivateExtension vscode.typescript-language-features {"startup":false,"extensionId":{"value":"vscode.typescript-language-features","_lower":"vscode.typescript-language-features"},"activationEvent":"onCommand:workbench.action.tasks.runTask"}
[2020-03-30 10:46:34.952] [exthost] [info] ExtensionService#loadCommonJSModule file:///c:/Users/KCDG/.p2/pool/plugins/com.genuitec.eclipse.code.engine.app.win32.x86_64_3.6.0.202002212104/engine/resources/app/extensions/typescript-language-features/dist/extension
[2020-03-30 10:46:35.265] [exthost] [info] ExtensionService#_doActivateExtension HookyQR.beautify {"startup":true,"extensionId":{"value":"HookyQR.beautify","_lower":"hookyqr.beautify"},"activationEvent":"*"}
[2020-03-30 10:46:35.266] [exthost] [info] ExtensionService#loadCommonJSModule file:///c:/Users/KCDG/.p2/pool/plugins/pack.core.win_3.6.0.202001241725/HookyQR.beautify-1.4.11/extension
[2020-03-30 10:46:38.414] [exthost] [info] ExtensionService#_doActivateExtension christian-kohler.path-intellisense {"startup":true,"extensionId":{"value":"christian-kohler.path-intellisense","_lower":"christian-kohler.path-intellisense"},"activationEvent":"*"}
[2020-03-30 10:46:38.414] [exthost] [info] ExtensionService#loadCommonJSModule file:///c:/Users/KCDG/.p2/pool/plugins/pack.core.win_3.6.0.202001241725/christian-kohler.path-intellisense-1.4.2/out/src/extension
[2020-03-30 10:46:40.028] [exthost] [info] ExtensionService#_doActivateExtension dbaeumer.vscode-eslint {"startup":true,"extensionId":{"value":"dbaeumer.vscode-eslint","_lower":"dbaeumer.vscode-eslint"},"activationEvent":"*"}
[2020-03-30 10:46:40.029] [exthost] [info] ExtensionService#loadCommonJSModule file:///c:/Users/KCDG/.p2/pool/plugins/pack.core.win_3.6.0.202001241725/dbaeumer.vscode-eslint-1.9.0/client/out/extension
[2020-03-30 10:46:40.270] [exthost] [info] ExtensionService#_doActivateExtension vscode.debug-auto-launch {"startup":true,"extensionId":{"value":"vscode.debug-auto-launch","_lower":"vscode.debug-auto-launch"},"activationEvent":"*"}
[2020-03-30 10:46:40.271] [exthost] [info] ExtensionService#loadCommonJSModule file:///c:/Users/KCDG/.p2/pool/plugins/com.genuitec.eclipse.code.engine.app.win32.x86_64_3.6.0.202002212104/engine/resources/app/extensions/debug-auto-launch/dist/extension
[2020-03-30 10:46:40.335] [exthost] [info] ExtensionService#_doActivateExtension vscode.emmet {"startup":true,"extensionId":{"value":"vscode.emmet","_lower":"vscode.emmet"},"activationEvent":"*"}
[2020-03-30 10:46:40.335] [exthost] [info] ExtensionService#loadCommonJSModule file:///c:/Users/KCDG/.p2/pool/plugins/com.genuitec.eclipse.code.engine.app.win32.x86_64_3.6.0.202002212104/engine/resources/app/extensions/emmet/dist/extension
[2020-03-30 10:46:40.608] [exthost] [info] ExtensionService#_doActivateExtension formulahendry.auto-close-tag {"startup":true,"extensionId":{"value":"formulahendry.auto-close-tag","_lower":"formulahendry.auto-close-tag"},"activationEvent":"*"}
[2020-03-30 10:46:40.609] [exthost] [info] ExtensionService#loadCommonJSModule file:///c:/Users/KCDG/.p2/pool/plugins/pack.core.win_3.6.0.202001241725/formulahendry.auto-close-tag-0.5.6/out/src/extension
[2020-03-30 10:46:40.986] [exthost] [info] eager extensions activated
